<?xml version="1.0" encoding="UTF-8"?>
<!-- Generated by org.testng.reporters.JUnitXMLReporter -->
<testsuite hostname="DESKTOP-MOO9O3A" failures="1" tests="4" name="Test" time="34.727" errors="0" timestamp="23 Dec 2020 21:07:56 GMT">
  <testcase classname="practice.E2E.validateNavbar" name="basepageNavigation" time="0.147"/>
  <testcase classname="practice.E2E.validatetext" name="basepageNavigation" time="0.063">
    <failure type="java.lang.AssertionError" message="expected [FEATURED COURSES123] but found [FEATURED COURSES]">
      <![CDATA[java.lang.AssertionError: expected [FEATURED COURSES123] but found [FEATURED COURSES]
	at practice.E2E.validatetext.basepageNavigation(validatetext.java:35)
... Removed 29 stack frames]]>
    </failure>
  </testcase> <!-- basepageNavigation -->
  <testcase classname="practice.E2E.Homepage" name="basepageNavigation" time="7.85"/>
  <testcase classname="practice.E2E.Homepage" name="basepageNavigation" time="3.059"/>
</testsuite> <!-- Test -->
