<?xml version="1.0" encoding="UTF-8"?>
<testsuite xmlns:xsi="http://www.w3.org/2001/XMLSchema-instance" xsi:noNamespaceSchemaLocation="https://maven.apache.org/surefire/maven-surefire-plugin/xsd/surefire-test-report-3.0.xsd" version="3.0" name="TestSuite" time="22.389" tests="5" errors="0" skipped="0" failures="0">
  <properties>
[...]
</properties>
  <testcase name="validateText" classname="practice.validatetext" time="0.055">
    <system-err><![CDATA[Starting ChromeDriver 87.0.4280.88 (89e2380a3e36c3464b5dd1302349b1382549S2t90adr-rteifnsg /Cbhrranocmhe-Dhreiaverds /8472.800.@{4#2187601.}8)8 o n( 8p9oer2t 328106a338e36
cO3nl4y6 l4obc5addl 1c3o0nn2e3ct4i9onbs1 3ar8e2 5al4l9o2w9e0dd.-
rPelfeass/e bseer hattnpcs:h//-chheraomeddrsi/v4er2.c8h0r@{o#S1mi76utm1.}ao)rr ton gpo/rt s3i0e64cn0ug
rOin ltCyy hl-orccaool mcnoensnDeicdtrieiovnresa rtar ie 8oal7nlo.sw 0feodr.. 4s
uP2lge8ags0ee. ss8ete8i ho tnt(sps8 :/o9/nceh r2ke3oe8mpe0dirani3vgee r3C.6chhcr3omr4e6omium4.orbg/s5ecudridty1-c3on0si2de3ra4t9iobns1 3fo8r2 5sD4ur9gi2g9ve0edsr-t riseoafnsfs/ eb.ornan 
ckhe-ehpeiCanhdgrs /oC4mh2r8om0ee@DDr{i#rve1ir7 vs6aef1er}.) 
 woansC h rposmoetrDartir t3vee6r2 dw1 as0s sutac
rtcOeden ssluysc fcelussolfcullaylyl.. 
c
onnections are allowed.
Please see https://chromedriver.chromium.org/security-considerations for suggestions on keeping ChromeDriver safe.
ChromeDriver was started successfully.
Dec 28, 2020 3:19:59 PM org.openqa.selenium.remote.ProtocolHandshake createSession
INFO: Detected dialect: W3C
Dec 28, 2020 3:19:59 PM org.openqa.selenium.remote.ProtocolHandshake createSession
INFO: Detected dialect: W3C
Dec 28, 2020 3:19:59 PM org.openqa.selenium.remote.ProtocolHandshake createSession
INFO: Detected dialect: W3C
]]></system-err>
  </testcase>
  <testcase name="ValidateHeadder" classname="practice.validateNavbars2" time="0.038"/>
  <testcase name="ValidateNavbar" classname="practice.validateNavbars2" time="0.073">
    <system-out><![CDATA[true
]]></system-out>
  </testcase>
  <testcase name="Homepage[nonristricteduser@qa.com, 12345, Allowed](1)" classname="practice.Homepage" time="2.764"/>
  <testcase name="Homepage[Ristricteduser@qa.com, 9876, notAllowed](2)" classname="practice.Homepage" time="4.485"/>
</testsuite>