<?xml version="1.0" encoding="UTF-8"?>
<testng-results total="5" passed="5" failed="0" skipped="0">
  <reporter-output>
  </reporter-output>
  <suite started-at="2020-12-28T21:19:54Z" name="Suite" finished-at="2020-12-28T21:20:14Z" duration-ms="20043">
    <groups>
    </groups>
    <test started-at="2020-12-28T21:19:54Z" name="validatetest" finished-at="2020-12-28T21:20:06Z" duration-ms="11262">
      <class name="practice.validatetext">
        <test-method is-config="true" signature="Intialize()[pri:0, instance:practice.validatetext@545f80bf]" started-at="2020-12-28T15:19:54Z" name="Intialize" finished-at="2020-12-28T15:20:06Z" duration-ms="11140" status="PASS">
          <reporter-output>
          </reporter-output>
        </test-method> <!-- Intialize -->
        <test-method signature="validateText()[pri:0, instance:practice.validatetext@545f80bf]" started-at="2020-12-28T15:20:06Z" name="validateText" finished-at="2020-12-28T15:20:06Z" duration-ms="54" status="PASS">
          <reporter-output>
          </reporter-output>
        </test-method> <!-- validateText -->
        <test-method is-config="true" signature="teardown()[pri:0, instance:practice.validatetext@545f80bf]" started-at="2020-12-28T15:20:06Z" name="teardown" finished-at="2020-12-28T15:20:06Z" duration-ms="51" status="PASS">
          <reporter-output>
          </reporter-output>
        </test-method> <!-- teardown -->
      </class> <!-- practice.validatetext -->
    </test> <!-- validatetest -->
    <test started-at="2020-12-28T21:19:54Z" name="Navbartest" finished-at="2020-12-28T21:20:07Z" duration-ms="12870">
      <class name="practice.validateNavbars2">
        <test-method is-config="true" signature="Intialize()[pri:0, instance:practice.validateNavbars2@6105f8a3]" started-at="2020-12-28T15:19:54Z" name="Intialize" finished-at="2020-12-28T15:20:07Z" duration-ms="12714" status="PASS">
          <reporter-output>
          </reporter-output>
        </test-method> <!-- Intialize -->
        <test-method signature="ValidateHeadder()[pri:0, instance:practice.validateNavbars2@6105f8a3]" started-at="2020-12-28T15:20:07Z" name="ValidateHeadder" finished-at="2020-12-28T15:20:07Z" duration-ms="37" status="PASS">
          <reporter-output>
          </reporter-output>
        </test-method> <!-- ValidateHeadder -->
        <test-method signature="ValidateNavbar()[pri:0, instance:practice.validateNavbars2@6105f8a3]" started-at="2020-12-28T15:20:07Z" name="ValidateNavbar" finished-at="2020-12-28T15:20:07Z" duration-ms="72" status="PASS">
          <reporter-output>
          </reporter-output>
        </test-method> <!-- ValidateNavbar -->
        <test-method is-config="true" signature="teardown()[pri:0, instance:practice.validateNavbars2@6105f8a3]" started-at="2020-12-28T15:20:07Z" name="teardown" finished-at="2020-12-28T15:20:07Z" duration-ms="41" status="PASS">
          <reporter-output>
          </reporter-output>
        </test-method> <!-- teardown -->
      </class> <!-- practice.validateNavbars2 -->
    </test> <!-- Navbartest -->
    <test started-at="2020-12-28T21:19:54Z" name="Homepagetest" finished-at="2020-12-28T21:20:14Z" duration-ms="20043">
      <class name="practice.Homepage">
        <test-method is-config="true" signature="Intialize()[pri:0, instance:practice.Homepage@721eb7df]" started-at="2020-12-28T15:19:54Z" name="Intialize" finished-at="2020-12-28T15:19:59Z" duration-ms="4469" status="PASS">
          <reporter-output>
          </reporter-output>
        </test-method> <!-- Intialize -->
        <test-method signature="Homepage(java.lang.String, java.lang.String, java.lang.String)[pri:0, instance:practice.Homepage@721eb7df]" started-at="2020-12-28T15:19:59Z" name="Homepage" data-provider="getData" finished-at="2020-12-28T15:20:10Z" duration-ms="11038" status="PASS">
          <params>
            <param index="0">
              <value>
                <![CDATA[nonristricteduser@qa.com]]>
              </value>
            </param>
            <param index="1">
              <value>
                <![CDATA[12345]]>
              </value>
            </param>
            <param index="2">
              <value>
                <![CDATA[Allowed]]>
              </value>
            </param>
          </params>
          <reporter-output>
          </reporter-output>
        </test-method> <!-- Homepage -->
        <test-method signature="Homepage(java.lang.String, java.lang.String, java.lang.String)[pri:0, instance:practice.Homepage@721eb7df]" started-at="2020-12-28T15:20:10Z" name="Homepage" data-provider="getData" finished-at="2020-12-28T15:20:14Z" duration-ms="4483" status="PASS">
          <params>
            <param index="0">
              <value>
                <![CDATA[Ristricteduser@qa.com]]>
              </value>
            </param>
            <param index="1">
              <value>
                <![CDATA[9876]]>
              </value>
            </param>
            <param index="2">
              <value>
                <![CDATA[notAllowed]]>
              </value>
            </param>
          </params>
          <reporter-output>
          </reporter-output>
        </test-method> <!-- Homepage -->
        <test-method is-config="true" signature="teardown()[pri:0, instance:practice.Homepage@721eb7df]" started-at="2020-12-28T15:20:14Z" name="teardown" finished-at="2020-12-28T15:20:14Z" duration-ms="37" status="PASS">
          <reporter-output>
          </reporter-output>
        </test-method> <!-- teardown -->
      </class> <!-- practice.Homepage -->
    </test> <!-- Homepagetest -->
  </suite> <!-- Suite -->
</testng-results>
