<?xml version="1.0" encoding="UTF-8"?>
<testng-results total="5" passed="5" failed="0" skipped="0">
  <reporter-output>
  </reporter-output>
  <suite started-at="2021-01-15T05:40:32Z" name="Suite" finished-at="2021-01-15T05:40:55Z" duration-ms="22796">
    <groups>
    </groups>
    <test started-at="2021-01-15T05:40:32Z" name="Navbartest" finished-at="2021-01-15T05:40:50Z" duration-ms="17136">
      <class name="practice.validateNavbars2">
        <test-method is-config="true" signature="Intialize()[pri:0, instance:practice.validateNavbars2@5e63cad]" started-at="2021-01-14T23:40:32Z" name="Intialize" finished-at="2021-01-14T23:40:49Z" duration-ms="16927" status="PASS">
          <reporter-output>
          </reporter-output>
        </test-method> <!-- Intialize -->
        <test-method signature="ValidateHeadder()[pri:0, instance:practice.validateNavbars2@5e63cad]" started-at="2021-01-14T23:40:49Z" name="ValidateHeadder" finished-at="2021-01-14T23:40:49Z" duration-ms="45" status="PASS">
          <reporter-output>
          </reporter-output>
        </test-method> <!-- ValidateHeadder -->
        <test-method signature="ValidateNavbar()[pri:0, instance:practice.validateNavbars2@5e63cad]" started-at="2021-01-14T23:40:49Z" name="ValidateNavbar" finished-at="2021-01-14T23:40:50Z" duration-ms="66" status="PASS">
          <reporter-output>
          </reporter-output>
        </test-method> <!-- ValidateNavbar -->
        <test-method is-config="true" signature="teardown()[pri:0, instance:practice.validateNavbars2@5e63cad]" started-at="2021-01-14T23:40:50Z" name="teardown" finished-at="2021-01-14T23:40:50Z" duration-ms="79" status="PASS">
          <reporter-output>
          </reporter-output>
        </test-method> <!-- teardown -->
      </class> <!-- practice.validateNavbars2 -->
    </test> <!-- Navbartest -->
    <test started-at="2021-01-15T05:40:32Z" name="validatetest" finished-at="2021-01-15T05:40:50Z" duration-ms="17232">
      <class name="practice.validatetext">
        <test-method is-config="true" signature="Intialize()[pri:0, instance:practice.validatetext@49298ce7]" started-at="2021-01-14T23:40:32Z" name="Intialize" finished-at="2021-01-14T23:40:50Z" duration-ms="17100" status="PASS">
          <reporter-output>
          </reporter-output>
        </test-method> <!-- Intialize -->
        <test-method signature="validateText()[pri:0, instance:practice.validatetext@49298ce7]" started-at="2021-01-14T23:40:50Z" name="validateText" finished-at="2021-01-14T23:40:50Z" duration-ms="79" status="PASS">
          <reporter-output>
          </reporter-output>
        </test-method> <!-- validateText -->
        <test-method is-config="true" signature="teardown()[pri:0, instance:practice.validatetext@49298ce7]" started-at="2021-01-14T23:40:50Z" name="teardown" finished-at="2021-01-14T23:40:50Z" duration-ms="47" status="PASS">
          <reporter-output>
          </reporter-output>
        </test-method> <!-- teardown -->
      </class> <!-- practice.validatetext -->
    </test> <!-- validatetest -->
    <test started-at="2021-01-15T05:40:32Z" name="Homepagetest" finished-at="2021-01-15T05:40:55Z" duration-ms="22796">
      <class name="practice.Homepage">
        <test-method is-config="true" signature="Intialize()[pri:0, instance:practice.Homepage@1d81e101]" started-at="2021-01-14T23:40:32Z" name="Intialize" finished-at="2021-01-14T23:40:42Z" duration-ms="9905" status="PASS">
          <reporter-output>
          </reporter-output>
        </test-method> <!-- Intialize -->
        <test-method signature="HomePage(java.lang.String, java.lang.String, java.lang.String)[pri:0, instance:practice.Homepage@1d81e101]" started-at="2021-01-14T23:40:42Z" name="HomePage" data-provider="getData" finished-at="2021-01-14T23:40:52Z" duration-ms="10053" status="PASS">
          <params>
            <param index="0">
              <value>
                <![CDATA[nonristricteduser@qa.com]]>
              </value>
            </param>
            <param index="1">
              <value>
                <![CDATA[12345]]>
              </value>
            </param>
            <param index="2">
              <value>
                <![CDATA[Allowed]]>
              </value>
            </param>
          </params>
          <reporter-output>
          </reporter-output>
        </test-method> <!-- HomePage -->
        <test-method signature="HomePage(java.lang.String, java.lang.String, java.lang.String)[pri:0, instance:practice.Homepage@1d81e101]" started-at="2021-01-14T23:40:52Z" name="HomePage" data-provider="getData" finished-at="2021-01-14T23:40:55Z" duration-ms="2758" status="PASS">
          <params>
            <param index="0">
              <value>
                <![CDATA[Ristricteduser@qa.com]]>
              </value>
            </param>
            <param index="1">
              <value>
                <![CDATA[9876]]>
              </value>
            </param>
            <param index="2">
              <value>
                <![CDATA[notAllowed]]>
              </value>
            </param>
          </params>
          <reporter-output>
          </reporter-output>
        </test-method> <!-- HomePage -->
        <test-method is-config="true" signature="teardown()[pri:0, instance:practice.Homepage@1d81e101]" started-at="2021-01-14T23:40:55Z" name="teardown" finished-at="2021-01-14T23:40:55Z" duration-ms="56" status="PASS">
          <reporter-output>
          </reporter-output>
        </test-method> <!-- teardown -->
      </class> <!-- practice.Homepage -->
    </test> <!-- Homepagetest -->
  </suite> <!-- Suite -->
</testng-results>
